<?xml version="1.0" encoding="UTF-8"?>
<!-- Generated by org.testng.reporters.JUnitXMLReporter -->
<testsuite ignored="0" hostname="DELL" failures="0" tests="6" name="Test" time="6.142" errors="0" timestamp="2024-07-14T18:16:00 IST">
  <testcase classname="api.test.StudentTestCase" name="testGetAllStudents" time="3.633"/>
  <testcase classname="api.test.StudentTestCase" name="createNewStudent" time="1.133"/>
  <testcase classname="api.test.StudentTestCase" name="testUpdateStudent" time="0.135"/>
  <testcase classname="api.test.StudentTestCase" name="testGetStudentById" time="0.077"/>
  <testcase classname="api.test.StudentTestCase" name="testDeleteStudentById" time="0.143"/>
  <testcase classname="api.test.StudentTestCase" name="createNewStudentWithMaximumData" time="0.042"/>
</testsuite> <!-- Test -->
