<?xml version="1.0" encoding="UTF-8"?>
<testng-results ignored="0" total="6" passed="6" failed="0" skipped="0">
  <reporter-output>
  </reporter-output>
  <suite started-at="2024-07-14T18:15:53 IST" name="Suite" finished-at="2024-07-14T18:16:00 IST" duration-ms="6142">
    <groups>
    </groups>
    <test started-at="2024-07-14T18:15:53 IST" name="Test" finished-at="2024-07-14T18:16:00 IST" duration-ms="6142">
      <class name="api.test.StudentTestCase">
        <test-method is-config="true" signature="setupData()[pri:0, instance:api.test.StudentTestCase@5340477f]" started-at="2024-07-14T18:15:54 IST" name="setupData" finished-at="2024-07-14T18:15:54 IST" duration-ms="363" status="PASS">
          <reporter-output>
          </reporter-output>
        </test-method> <!-- setupData -->
        <test-method signature="testGetAllStudents()[pri:1, instance:api.test.StudentTestCase@5340477f]" started-at="2024-07-14T18:15:54 IST" name="testGetAllStudents" finished-at="2024-07-14T18:15:58 IST" duration-ms="3633" status="PASS">
          <reporter-output>
          </reporter-output>
        </test-method> <!-- testGetAllStudents -->
        <test-method signature="createNewStudent()[pri:2, instance:api.test.StudentTestCase@5340477f]" started-at="2024-07-14T18:15:58 IST" name="createNewStudent" finished-at="2024-07-14T18:15:59 IST" duration-ms="1133" status="PASS">
          <reporter-output>
          </reporter-output>
        </test-method> <!-- createNewStudent -->
        <test-method signature="testUpdateStudent()[pri:3, instance:api.test.StudentTestCase@5340477f]" started-at="2024-07-14T18:15:59 IST" name="testUpdateStudent" finished-at="2024-07-14T18:15:59 IST" duration-ms="135" status="PASS">
          <reporter-output>
          </reporter-output>
        </test-method> <!-- testUpdateStudent -->
        <test-method signature="testGetStudentById()[pri:4, instance:api.test.StudentTestCase@5340477f]" started-at="2024-07-14T18:15:59 IST" name="testGetStudentById" finished-at="2024-07-14T18:15:59 IST" duration-ms="77" status="PASS">
          <reporter-output>
          </reporter-output>
        </test-method> <!-- testGetStudentById -->
        <test-method signature="testDeleteStudentById()[pri:5, instance:api.test.StudentTestCase@5340477f]" started-at="2024-07-14T18:15:59 IST" name="testDeleteStudentById" finished-at="2024-07-14T18:15:59 IST" duration-ms="143" status="PASS">
          <reporter-output>
          </reporter-output>
        </test-method> <!-- testDeleteStudentById -->
        <test-method signature="createNewStudentWithMaximumData()[pri:6, instance:api.test.StudentTestCase@5340477f]" started-at="2024-07-14T18:16:00 IST" name="createNewStudentWithMaximumData" finished-at="2024-07-14T18:16:00 IST" duration-ms="42" status="PASS">
          <reporter-output>
          </reporter-output>
        </test-method> <!-- createNewStudentWithMaximumData -->
      </class> <!-- api.test.StudentTestCase -->
    </test> <!-- Test -->
  </suite> <!-- Suite -->
</testng-results>
